<?xml version="1.0" encoding="UTF-8" ?>
<testsuite tests="4" failures="0" name="com.sg.jdbctcomplexexample.dao.RoomDaoDBTest" time="0.843" errors="0" skipped="0">
  <properties>
[...]
</properties>
  <testcase classname="com.sg.jdbctcomplexexample.dao.RoomDaoDBTest" name="testGetAllRooms" time="0.693"/>
  <testcase classname="com.sg.jdbctcomplexexample.dao.RoomDaoDBTest" name="testUpdateRoom" time="0.066"/>
  <testcase classname="com.sg.jdbctcomplexexample.dao.RoomDaoDBTest" name="testDeleteRoom" time="0.063"/>
  <testcase classname="com.sg.jdbctcomplexexample.dao.RoomDaoDBTest" name="testAddGetRoom" time="0.021"/>
</testsuite>